Detecting CXX compiler ABI info failed to compile with the following output:
Change Dir: /Users/kliment/Documents/CulturalGuide/ios/build/iPhoneOS-armv7/CMakeFiles/CMakeTmp

Run Build Command:/opt/local/bin/cmakexbuild -project CMAKE_TRY_COMPILE.xcodeproj build -target cmTryCompileExec2560215449 -configuration Debug
=== BUILD TARGET cmTryCompileExec2560215449 OF PROJECT CMAKE_TRY_COMPILE WITH CONFIGURATION Debug ===

Check dependencies
target specifies product type 'com.apple.product-type.tool', but there's no such product type for the 'iphoneos' platform

** BUILD FAILED **


The following build commands failed:
	Check dependencies
(1 failure)



Detecting C compiler ABI info failed to compile with the following output:
Change Dir: /Users/kliment/Documents/CulturalGuide/ios/build/iPhoneOS-armv7/CMakeFiles/CMakeTmp

Run Build Command:/opt/local/bin/cmakexbuild -project CMAKE_TRY_COMPILE.xcodeproj build -target cmTryCompileExec2678710249 -configuration Debug
=== BUILD TARGET cmTryCompileExec2678710249 OF PROJECT CMAKE_TRY_COMPILE WITH CONFIGURATION Debug ===

Check dependencies
target specifies product type 'com.apple.product-type.tool', but there's no such product type for the 'iphoneos' platform

** BUILD FAILED **


The following build commands failed:
	Check dependencies
(1 failure)



Determining if the function fseeko exists failed with the following output:
Change Dir: /Users/kliment/Documents/CulturalGuide/ios/build/iPhoneOS-armv7/CMakeFiles/CMakeTmp

Run Build Command:/opt/local/bin/cmakexbuild -project CMAKE_TRY_COMPILE.xcodeproj build -target cmTryCompileExec3762811833 -configuration Release
=== BUILD TARGET cmTryCompileExec3762811833 OF PROJECT CMAKE_TRY_COMPILE WITH CONFIGURATION Release ===

Check dependencies
target specifies product type 'com.apple.product-type.tool', but there's no such product type for the 'iphoneos' platform

** BUILD FAILED **


The following build commands failed:
	Check dependencies
(1 failure)


Determining if the include file unistd.h exists failed with the following output:
Change Dir: /Users/kliment/Documents/CulturalGuide/ios/build/iPhoneOS-armv7/CMakeFiles/CMakeTmp

Run Build Command:/opt/local/bin/cmakexbuild -project CMAKE_TRY_COMPILE.xcodeproj build -target cmTryCompileExec2322641984 -configuration Release
=== BUILD TARGET cmTryCompileExec2322641984 OF PROJECT CMAKE_TRY_COMPILE WITH CONFIGURATION Release ===

Check dependencies
target specifies product type 'com.apple.product-type.tool', but there's no such product type for the 'iphoneos' platform

** BUILD FAILED **


The following build commands failed:
	Check dependencies
(1 failure)


Determining if the include file sys/types.h exists failed with the following output:
Change Dir: /Users/kliment/Documents/CulturalGuide/ios/build/iPhoneOS-armv7/CMakeFiles/CMakeTmp

Run Build Command:/opt/local/bin/cmakexbuild -project CMAKE_TRY_COMPILE.xcodeproj build -target cmTryCompileExec2971820988 -configuration Release
=== BUILD TARGET cmTryCompileExec2971820988 OF PROJECT CMAKE_TRY_COMPILE WITH CONFIGURATION Release ===

Check dependencies
target specifies product type 'com.apple.product-type.tool', but there's no such product type for the 'iphoneos' platform

** BUILD FAILED **


The following build commands failed:
	Check dependencies
(1 failure)


Determining if the include file stdint.h exists failed with the following output:
Change Dir: /Users/kliment/Documents/CulturalGuide/ios/build/iPhoneOS-armv7/CMakeFiles/CMakeTmp

Run Build Command:/opt/local/bin/cmakexbuild -project CMAKE_TRY_COMPILE.xcodeproj build -target cmTryCompileExec2256089777 -configuration Release
=== BUILD TARGET cmTryCompileExec2256089777 OF PROJECT CMAKE_TRY_COMPILE WITH CONFIGURATION Release ===

Check dependencies
target specifies product type 'com.apple.product-type.tool', but there's no such product type for the 'iphoneos' platform

** BUILD FAILED **


The following build commands failed:
	Check dependencies
(1 failure)


Determining if the include file stddef.h exists failed with the following output:
Change Dir: /Users/kliment/Documents/CulturalGuide/ios/build/iPhoneOS-armv7/CMakeFiles/CMakeTmp

Run Build Command:/opt/local/bin/cmakexbuild -project CMAKE_TRY_COMPILE.xcodeproj build -target cmTryCompileExec1004795569 -configuration Release
=== BUILD TARGET cmTryCompileExec1004795569 OF PROJECT CMAKE_TRY_COMPILE WITH CONFIGURATION Release ===

Check dependencies
target specifies product type 'com.apple.product-type.tool', but there's no such product type for the 'iphoneos' platform

** BUILD FAILED **


The following build commands failed:
	Check dependencies
(1 failure)


Determining size of off64_t failed with the following output:
Change Dir: /Users/kliment/Documents/CulturalGuide/ios/build/iPhoneOS-armv7/CMakeFiles/CMakeTmp

Run Build Command:/opt/local/bin/cmakexbuild -project CMAKE_TRY_COMPILE.xcodeproj build -target cmTryCompileExec4101199698 -configuration Release
=== BUILD TARGET cmTryCompileExec4101199698 OF PROJECT CMAKE_TRY_COMPILE WITH CONFIGURATION Release ===

Check dependencies
target specifies product type 'com.apple.product-type.tool', but there's no such product type for the 'iphoneos' platform

** BUILD FAILED **


The following build commands failed:
	Check dependencies
(1 failure)

/Users/kliment/Documents/CulturalGuide/ios/build/iPhoneOS-armv7/CMakeFiles/CheckTypeSize/OFF64_T.c:


#undef KEY
#if defined(__i386)
# define KEY '_','_','i','3','8','6'
#elif defined(__x86_64)
# define KEY '_','_','x','8','6','_','6','4'
#elif defined(__ppc__)
# define KEY '_','_','p','p','c','_','_'
#elif defined(__ppc64__)
# define KEY '_','_','p','p','c','6','4','_','_'
#endif

#define SIZE (sizeof(off64_t))
char info_size[] =  {'I', 'N', 'F', 'O', ':', 's','i','z','e','[',
  ('0' + ((SIZE / 10000)%10)),
  ('0' + ((SIZE / 1000)%10)),
  ('0' + ((SIZE / 100)%10)),
  ('0' + ((SIZE / 10)%10)),
  ('0' +  (SIZE    % 10)),
  ']',
#ifdef KEY
  ' ','k','e','y','[', KEY, ']',
#endif
  '\0'};

#ifdef __CLASSIC_C__
int main(argc, argv) int argc; char *argv[];
#else
int main(int argc, char *argv[])
#endif
{
  int require = 0;
  require += info_size[argc];
  (void)argv;
  return require;
}


Determining if the include file linux/videodev.h exists failed with the following output:
Change Dir: /Users/kliment/Documents/CulturalGuide/ios/build/iPhoneOS-armv7/CMakeFiles/CMakeTmp

Run Build Command:/opt/local/bin/cmakexbuild -project CMAKE_TRY_COMPILE.xcodeproj build -target cmTryCompileExec4117058 -configuration Release
=== BUILD TARGET cmTryCompileExec4117058 OF PROJECT CMAKE_TRY_COMPILE WITH CONFIGURATION Release ===

Check dependencies
target specifies product type 'com.apple.product-type.tool', but there's no such product type for the 'iphoneos' platform

** BUILD FAILED **


The following build commands failed:
	Check dependencies
(1 failure)


Determining if the include file linux/videodev2.h exists failed with the following output:
Change Dir: /Users/kliment/Documents/CulturalGuide/ios/build/iPhoneOS-armv7/CMakeFiles/CMakeTmp

Run Build Command:/opt/local/bin/cmakexbuild -project CMAKE_TRY_COMPILE.xcodeproj build -target cmTryCompileExec2698145635 -configuration Release
=== BUILD TARGET cmTryCompileExec2698145635 OF PROJECT CMAKE_TRY_COMPILE WITH CONFIGURATION Release ===

Check dependencies
target specifies product type 'com.apple.product-type.tool', but there's no such product type for the 'iphoneos' platform

** BUILD FAILED **


The following build commands failed:
	Check dependencies
(1 failure)


Determining if the include file sys/videoio.h exists failed with the following output:
Change Dir: /Users/kliment/Documents/CulturalGuide/ios/build/iPhoneOS-armv7/CMakeFiles/CMakeTmp

Run Build Command:/opt/local/bin/cmakexbuild -project CMAKE_TRY_COMPILE.xcodeproj build -target cmTryCompileExec3037237463 -configuration Release
=== BUILD TARGET cmTryCompileExec3037237463 OF PROJECT CMAKE_TRY_COMPILE WITH CONFIGURATION Release ===

Check dependencies
target specifies product type 'com.apple.product-type.tool', but there's no such product type for the 'iphoneos' platform

** BUILD FAILED **


The following build commands failed:
	Check dependencies
(1 failure)


